<results>
				<profile><key>profile key1</key><key>profile key2</key><key>profile key3</key><key>profile key4</key></profile>
				<values><key>value key1</key><key>value key2</key><key>value key3</key></values>
				<result>
						<profile>0.0	0.1	0.2	0.30000000000000004</profile>
		  				<values>0.0	0.1	0.2</values>
					</result><result>
						<profile>0.0	0.1	0.2	0.30000000000000004</profile>
		  				<values>0.0	0.1	0.2</values>
					</result><result>
						<profile>0.0	0.1	0.2	0.30000000000000004</profile>
		  				<values>0.0	0.1	0.2</values>
					</result><result>
						<profile>0.0	0.1	0.2	0.30000000000000004</profile>
		  				<values>0.0	0.1	0.2</values>
					</result><result>
						<profile>0.0	0.1	0.2	0.30000000000000004</profile>
		  				<values>0.0	0.1	0.2</values>
					</result><result>
						<profile>0.0	0.1	0.2	0.30000000000000004</profile>
		  				<values>0.0	0.1	0.2</values>
					</result><result>
						<profile>0.0	0.1	0.2	0.30000000000000004</profile>
		  				<values>0.0	0.1	0.2</values>
					</result><result>
						<profile>0.0	0.1	0.2	0.30000000000000004</profile>
		  				<values>0.0	0.1	0.2</values>
					</result><result>
						<profile>0.0	0.1	0.2	0.30000000000000004</profile>
		  				<values>0.0	0.1	0.2</values>
					</result><result>
						<profile>0.0	0.1	0.2	0.30000000000000004</profile>
		  				<values>0.0	0.1	0.2</values>
					</result><result>
						<profile>0.0	0.1	0.2	0.30000000000000004</profile>
		  				<values>0.0	0.1	0.2</values>
					</result><result>
						<profile>0.0	0.1	0.2	0.30000000000000004</profile>
		  				<values>0.0	0.1	0.2</values>
					</result><result>
						<profile>0.0	0.1	0.2	0.30000000000000004</profile>
		  				<values>0.0	0.1	0.2</values>
					</result><result>
						<profile>0.0	0.1	0.2	0.30000000000000004</profile>
		  				<values>0.0	0.1	0.2</values>
					</result><result>
						<profile>0.0	0.1	0.2	0.30000000000000004</profile>
		  				<values>0.0	0.1	0.2</values>
					</result><result>
						<profile>0.0	0.1	0.2	0.30000000000000004</profile>
		  				<values>0.0	0.1	0.2</values>
					</result><result>
						<profile>0.0	0.1	0.2	0.30000000000000004</profile>
		  				<values>0.0	0.1	0.2</values>
					</result><result>
						<profile>0.0	0.1	0.2	0.30000000000000004</profile>
		  				<values>0.0	0.1	0.2</values>
					</result><result>
						<profile>0.0	0.1	0.2	0.30000000000000004</profile>
		  				<values>0.0	0.1	0.2</values>
					</result><result>
						<profile>0.0	0.1	0.2	0.30000000000000004</profile>
		  				<values>0.0	0.1	0.2</values>
					</result>
				</results>